
> monjez@0.1.0 build
> next build

Γû▓ Next.js 16.1.6 (Turbopack)
- Environments: .env.local

node.exe : ΓÜá The 
"middleware" file 
convention is 
deprecated. Please 
use "proxy" instead. 
Learn more: https://ne
xtjs.org/docs/messages
/middleware-to-proxy
At line:1 char:1
+ & "C:\Program Files\
nodejs/node.exe" 
"C:\Program 
Files\nodejs/node_mo 
...
+ ~~~~~~~~~~~~~~~~~~~~
~~~~~~~~~~~~~~~~~~~~~~
~~~~~~~~~~~~~~~~~~~~~~
~~~~~
    + CategoryInfo    
          : NotSpeci  
  fied: (ΓÜá The "m   
 iddle...leware-to    
-proxy:String) []    
, RemoteException
    + FullyQualifiedE 
   rrorId : NativeCo  
  mmandError
 
  Creating an optimized production build ...
Γ£ô Compiled successfully in 9.4s
  Running TypeScript ...
Failed to compile.

./src/components/smoot
h-scroll.tsx:14:13
Type error: Type 
'React.ReactNode' is 
not assignable to 
type 'import("F:/Monje
z/node_modules/@studio
-freight/react-lenis/n
ode_modules/@types/rea
ct/index").ReactNode'.
  Type 'bigint' is 
not assignable to 
type 'ReactNode'.

[0m [90m 12 |[39m  
           touchMultip
lier[33m:[39m 
[35m2[39m[33m,[39m
 [90m 13 |[39m      
   }}[33m>[39m
[31m[1m>[22m[39m[
90m 14 |[39m         
    {children}
 [90m    |[39m      
       
[31m[1m^[22m[39m
 [90m 15 |[39m      
   [33m<[39m[33m/[
39m[33mReactLenis[39
m[33m>[39m
 [90m 16 |[39m     
)[33m;[39m
 [90m 17 |[39m }[0m
Next.js build worker 
exited with code: 1 
and signal: null
